<?xml version="1.0" encoding="UTF-8"?>
<!-- Generated by org.testng.reporters.JUnitReportReporter -->
<testsuite hostname="DESKTOP-BKCA13N" failures="0" tests="1" name="NikhilProjects.tests.ErrorValidation" time="2.040" errors="0" timestamp="2024-08-23T18:46:57 IST" skipped="0">
  <testcase classname="NikhilProjects.tests.ErrorValidation" name="LoginErrorValidation" time="2.040"/>
  <system-out/>
</testsuite> <!-- NikhilProjects.tests.ErrorValidation -->
