<?xml version="1.0" encoding="UTF-8"?>
<!-- Generated by org.testng.reporters.JUnitReportReporter -->
<testsuite hostname="DESKTOP-BKCA13N" failures="0" tests="3" name="NikhilProjects.tests.SubmitOrderTest" time="26.864" errors="0" timestamp="2024-08-23T18:46:57 IST" skipped="0">
  <testcase classname="NikhilProjects.tests.SubmitOrderTest" name="submitOrder" time="11.641"/>
  <system-out/>
  <testcase classname="NikhilProjects.tests.SubmitOrderTest" name="OrderHistoryTest" time="2.333"/>
  <system-out/>
  <testcase classname="NikhilProjects.tests.SubmitOrderTest" name="submitOrder" time="12.890"/>
  <system-out/>
</testsuite> <!-- NikhilProjects.tests.SubmitOrderTest -->
