<?xml version="1.0" encoding="UTF-8"?>
<!-- Generated by org.testng.reporters.JUnitReportReporter -->
<testsuite hostname="DESKTOP-BKCA13N" failures="0" tests="1" name="NikhilProjects.tests.StandaloneTest" time="11.379" errors="0" timestamp="2024-08-16T20:06:26 IST" skipped="0">
  <testcase classname="NikhilProjects.tests.StandaloneTest" name="SubmitOrder" time="11.379"/>
  <system-out/>
</testsuite> <!-- NikhilProjects.tests.StandaloneTest -->
