<?xml version="1.0" encoding="UTF-8"?>
<!-- Generated by org.testng.reporters.JUnitReportReporter -->
<testsuite hostname="DESKTOP-BKCA13N" failures="0" tests="1" name="Cucumber.TestRunner" time="8.544" errors="0" timestamp="2024-08-23T22:46:27 IST" skipped="0">
  <testcase classname="Cucumber.TestRunner" name="runScenario" time="8.544"/>
  <system-out/>
</testsuite> <!-- Cucumber.TestRunner -->
