<?xml version="1.0" encoding="UTF-8"?>
<!-- Generated by org.testng.reporters.JUnitReportReporter -->
<testsuite hostname="DESKTOP-BKCA13N" failures="0" tests="1" name="NikhilProjects.tests.ErrorValidation" time="9.085" errors="0" timestamp="2024-08-21T17:46:50 IST" skipped="0">
  <testcase classname="NikhilProjects.tests.ErrorValidation" name="LoginErrorValidation" time="9.085"/>
</testsuite> <!-- NikhilProjects.tests.ErrorValidation -->
