<?xml version="1.0" encoding="UTF-8"?>
<!-- Generated by org.testng.reporters.JUnitReportReporter -->
<testsuite hostname="DESKTOP-BKCA13N" failures="0" tests="2" name="NikhilProjects.tests.SubmitOrderTest" time="25.827" errors="0" timestamp="2024-08-21T18:08:16 IST" skipped="0">
  <testcase classname="NikhilProjects.tests.SubmitOrderTest" name="submitOrder" time="11.218"/>
  <testcase classname="NikhilProjects.tests.SubmitOrderTest" name="submitOrder" time="14.609"/>
</testsuite> <!-- NikhilProjects.tests.SubmitOrderTest -->
